16:50:47.709 [print] 25761a7dea
16:50:47.709 [print] {
  "name": "Freshta",
  "gender": "female",
  "status": "inactive",
  "email": "25761a7dea@gmail.com"
}

16:50:47.990 request:
1 > POST https://gorest.co.in/public/v1/users
1 > Accept-Encoding: gzip,deflate
1 > Authorization: Bearer abadb712b0474a94f66082e11cddefb1ae95ea3002e670ae695c4364d17747e8
1 > Connection: Keep-Alive
1 > Content-Length: 87
1 > Content-Type: application/json; charset=UTF-8
1 > Host: gorest.co.in
1 > User-Agent: Apache-HttpClient/4.5.12 (Java/1.8.0_202)
{"name":"Freshta","gender":"female","status":"inactive","email":"25761a7dea@gmail.com"}

16:50:48.470 response time in milliseconds: 487.55
1 < 201
1 < CF-Cache-Status: DYNAMIC
1 < CF-RAY: 774fffdf8eda8245-IAD
1 < Cache-Control: max-age=0, private, must-revalidate
1 < Connection: keep-alive
1 < Content-Type: application/json; charset=utf-8
1 < Date: Mon, 05 Dec 2022 21:50:48 GMT
1 < NEL: {"success_fraction":0,"report_to":"cf-nel","max_age":604800}
1 < Report-To: {"endpoints":[{"url":"https:\/\/a.nel.cloudflare.com\/report\/v3?s=ghs6dXnBtcB65QWW%2BnwNsN1%2BEk1%2FyI%2FDjUnOcglKki7BRh8dD5k7EPLRLCylcZ2Vx6c4dyw6y3bXAwqi%2BZczM95zfclh%2FOyyrQ69q9JsLuaeph9oElD7oA2sx9X6KVw%3D"}],"group":"cf-nel","max_age":604800}
1 < Server: cloudflare
1 < Transfer-Encoding: chunked
1 < alt-svc: h3=":443"; ma=86400, h3-29=":443"; ma=86400
1 < etag: W/"ab86865277a1018ebafc79809d0793c4"
1 < location: https://gorest.co.in/public/v1/users/6932
1 < referrer-policy: strict-origin-when-cross-origin
1 < vary: Origin
1 < x-content-type-options: nosniff
1 < x-download-options: noopen
1 < x-frame-options: SAMEORIGIN
1 < x-permitted-cross-domain-policies: none
1 < x-ratelimit-limit: 90
1 < x-ratelimit-remaining: 89
1 < x-ratelimit-reset: 1
1 < x-request-id: e81af3e0-76b5-4a71-b213-a45b60f05f9a
1 < x-runtime: 0.075976
1 < x-xss-protection: 0
{"meta":null,"data":{"id":6932,"name":"Freshta","email":"25761a7dea@gmail.com","gender":"female","status":"inactive"}}

16:50:48.470 [print] 6932
16:50:48.470 request:
2 > DELETE https://gorest.co.in/public/v1/users/6932
2 > Accept-Encoding: gzip,deflate
2 > Authorization: Bearer abadb712b0474a94f66082e11cddefb1ae95ea3002e670ae695c4364d17747e8
2 > Connection: Keep-Alive
2 > Content-Length: 87
2 > Content-Type: application/json; charset=UTF-8
2 > Host: gorest.co.in
2 > User-Agent: Apache-HttpClient/4.5.12 (Java/1.8.0_202)
{"name":"Freshta","gender":"female","status":"inactive","email":"25761a7dea@gmail.com"}

16:50:48.877 response time in milliseconds: 402.66
2 < 204
2 < CF-Cache-Status: DYNAMIC
2 < CF-RAY: 774fffe22ebd7f7e-IAD
2 < Cache-Control: no-cache
2 < Connection: keep-alive
2 < Date: Mon, 05 Dec 2022 21:50:49 GMT
2 < NEL: {"success_fraction":0,"report_to":"cf-nel","max_age":604800}
2 < Report-To: {"endpoints":[{"url":"https:\/\/a.nel.cloudflare.com\/report\/v3?s=65jPhhnvu8Bh4NWWb72QazHfqL7%2B5axUsrjhxAk5Srelb%2BgqLr4Nvp0UWk5ralpTlZzf8w5dFL7LebD%2FvIQjlT1Z%2BVeVXA0cwV1SVjXtMTnb9XdGeNIAx79Rx78cU28%3D"}],"group":"cf-nel","max_age":604800}
2 < Server: cloudflare
2 < alt-svc: h3=":443"; ma=86400, h3-29=":443"; ma=86400
2 < referrer-policy: strict-origin-when-cross-origin
2 < vary: Origin
2 < x-content-type-options: nosniff
2 < x-download-options: noopen
2 < x-frame-options: SAMEORIGIN
2 < x-permitted-cross-domain-policies: none
2 < x-ratelimit-limit: 90
2 < x-ratelimit-remaining: 89
2 < x-ratelimit-reset: 2
2 < x-request-id: f88c65e2-a330-4e5d-9e09-e1dc775573c3
2 < x-runtime: 0.071831
2 < x-xss-protection: 0

16:50:48.877 request:
3 > GET https://gorest.co.in/public/v1/users/6932
3 > Accept-Encoding: gzip,deflate
3 > Connection: Keep-Alive
3 > Host: gorest.co.in
3 > User-Agent: Apache-HttpClient/4.5.12 (Java/1.8.0_202)

16:50:49.245 response time in milliseconds: 357.26
3 < 404
3 < CF-Cache-Status: DYNAMIC
3 < CF-RAY: 774fffe4bf1e6faf-IAD
3 < Cache-Control: no-cache
3 < Connection: keep-alive
3 < Content-Type: application/json; charset=utf-8
3 < Date: Mon, 05 Dec 2022 21:50:49 GMT
3 < NEL: {"success_fraction":0,"report_to":"cf-nel","max_age":604800}
3 < Report-To: {"endpoints":[{"url":"https:\/\/a.nel.cloudflare.com\/report\/v3?s=XMv5G4yBC5rrPJpc3QeJ9s2YyNagvyrLgD1Ld942yUX%2FMLLrkb%2BSCyit66KD2tmsS2FWYT%2BGx%2BhteGJTYLI4lfbYRGLQBv9frRhbVGg96owODNdGDxveArl4Rhp8V%2BQ%3D"}],"group":"cf-nel","max_age":604800}
3 < Server: cloudflare
3 < Transfer-Encoding: chunked
3 < alt-svc: h3=":443"; ma=86400, h3-29=":443"; ma=86400
3 < referrer-policy: strict-origin-when-cross-origin
3 < vary: Origin
3 < x-content-type-options: nosniff
3 < x-download-options: noopen
3 < x-frame-options: SAMEORIGIN
3 < x-permitted-cross-domain-policies: none
3 < x-request-id: 3a6ccc48-deac-4481-9f3b-d8c127e1a76d
3 < x-runtime: 0.009000
3 < x-xss-protection: 0
{"meta":null,"data":{"message":"Resource not found"}}

"id": 4462,
      "email": "kaniyar_surya@cummerata.co",
      "status": "active"
    },
    {
      "gender": "female",
      "name": "Amritambu Guha",
      "id": 4460,
      "email": "amritambu_guha@ankunding.com",
      "status": "active"
    },
    {
      "gender": "female",
      "name": "Basanti Varman",
      "id": 4457,
      "email": "varman_basanti@johnson.com",
      "status": "active"
    },
    {
      "gender": "male",
      "name": "Kanchan Varma",
      "id": 4456,
      "email": "varma_kanchan@collier.biz",
      "status": "active"
    },
    {
      "gender": "male",
      "name": "Meena Sethi",
      "id": 4455,
      "email": "sethi_meena@harber.net",
      "status": "active"
    },
    {
      "gender": "male",
      "name": "Ganaka Mehrotra",
      "id": 4454,
      "email": "mehrotra_ganaka@maggio.org",
      "status": "active"
    },
    {
      "gender": "male",
      "name": "Anandamayi Johar",
      "id": 4453,
      "email": "anandamayi_johar@brekke.com",
      "status": "active"
    },
    {
      "gender": "male",
      "name": "Sucheta Kaur",
      "id": 4452,
      "email": "kaur_sucheta@johnston.io",
      "status": "active"
    },
    {
      "gender": "male",
      "name": "Bandhu Tagore",
      "id": 4449,
      "email": "tagore_bandhu@predovic-schoen.io",
      "status": "active"
    },
    {
      "gender": "female",
      "name": "Upendra Joshi",
      "id": 4448,
      "email": "joshi_upendra@boehm-schuppe.co",
      "status": "active"
    }
  ],
  "meta": {
    "pagination": {
      "total": 2195,
      "pages": 220,
      "limit": 10,
      "links": {
        "next": "https://gorest.co.in/public/v1/users?page=2",
        "current": "https://gorest.co.in/public/v1/users?page=1",
        "previous": null
      },
      "page": 1
    }
  }
}

11:12:40.081 [print] 10
